{
  service: 'user-service',
  document: {
    uri: [Getter],
    fileName: [Getter],
    isUntitled: [Getter],
    languageId: [Getter],
    version: [Getter],
    isClosed: [Getter],
    isDirty: [Getter],
    save: [Function: save],
    getText: [Function: getText],
    eol: [Getter],
    lineCount: [Getter],
    lineAt: [Function: lineAt],
    offsetAt: [Function: offsetAt],
    positionAt: [Function: positionAt],
    validateRange: [Function: validateRange],
    validatePosition: [Function: validatePosition],
    getWordRangeAtPosition: [Function: getWordRangeAtPosition]
  },
  contentChanges: [],
  reason: undefined,
  level: 'debug',
  message: 'Inferring type from event'
}
{
  service: 'user-service',
  document: {
    uri: [Getter],
    fileName: [Getter],
    isUntitled: [Getter],
    languageId: [Getter],
    version: [Getter],
    isClosed: [Getter],
    isDirty: [Getter],
    save: [Function: save],
    getText: [Function: getText],
    eol: [Getter],
    lineCount: [Getter],
    lineAt: [Function: lineAt],
    offsetAt: [Function: offsetAt],
    positionAt: [Function: positionAt],
    validateRange: [Function: validateRange],
    validatePosition: [Function: validatePosition],
    getWordRangeAtPosition: [Function: getWordRangeAtPosition]
  },
  contentChanges: [ { range: [i], rangeOffset: 0, rangeLength: 0, text: 'c' } ],
  reason: undefined,
  level: 'debug',
  message: 'Inferring type from event'
}
{
  service: 'user-service',
  range: i { c: p { c: 0, e: 0 }, e: p { c: 0, e: 0 } },
  rangeOffset: 0,
  rangeLength: 0,
  text: 'c',
  level: 'debug',
  message: 'Change'
}
{
  message: 'getChangeTypeInternal',
  level: 'debug',
  service: 'user-service'
}
{
  message: 'numEventChanges 1',
  level: 'debug',
  service: 'user-service'
}
{
  message: 'eventReason undefined',
  level: 'debug',
  service: 'user-service'
}
{ message: 'rangeLength 0', level: 'debug', service: 'user-service' }
{ message: 'text 1', level: 'debug', service: 'user-service' }
{ message: 'numLines 1', level: 'debug', service: 'user-service' }
{
  message: '1 line, range=0, text=1 => A',
  level: 'debug',
  service: 'user-service'
}
{
  service: 'user-service',
  document: {
    uri: [Getter],
    fileName: [Getter],
    isUntitled: [Getter],
    languageId: [Getter],
    version: [Getter],
    isClosed: [Getter],
    isDirty: [Getter],
    save: [Function: save],
    getText: [Function: getText],
    eol: [Getter],
    lineCount: [Getter],
    lineAt: [Function: lineAt],
    offsetAt: [Function: offsetAt],
    positionAt: [Function: positionAt],
    validateRange: [Function: validateRange],
    validatePosition: [Function: validatePosition],
    getWordRangeAtPosition: [Function: getWordRangeAtPosition]
  },
  contentChanges: [ { range: [i], rangeOffset: 1, rangeLength: 0, text: 'o' } ],
  reason: undefined,
  level: 'debug',
  message: 'Inferring type from event'
}
{
  service: 'user-service',
  range: i { c: p { c: 0, e: 1 }, e: p { c: 0, e: 1 } },
  rangeOffset: 1,
  rangeLength: 0,
  text: 'o',
  level: 'debug',
  message: 'Change'
}
{
  message: 'getChangeTypeInternal',
  level: 'debug',
  service: 'user-service'
}
{
  message: 'numEventChanges 1',
  level: 'debug',
  service: 'user-service'
}
{
  message: 'eventReason undefined',
  level: 'debug',
  service: 'user-service'
}
{ message: 'rangeLength 0', level: 'debug', service: 'user-service' }
{ message: 'text 1', level: 'debug', service: 'user-service' }
{ message: 'numLines 1', level: 'debug', service: 'user-service' }
{
  message: '1 line, range=0, text=1 => A',
  level: 'debug',
  service: 'user-service'
}
{
  service: 'user-service',
  document: {
    uri: [Getter],
    fileName: [Getter],
    isUntitled: [Getter],
    languageId: [Getter],
    version: [Getter],
    isClosed: [Getter],
    isDirty: [Getter],
    save: [Function: save],
    getText: [Function: getText],
    eol: [Getter],
    lineCount: [Getter],
    lineAt: [Function: lineAt],
    offsetAt: [Function: offsetAt],
    positionAt: [Function: positionAt],
    validateRange: [Function: validateRange],
    validatePosition: [Function: validatePosition],
    getWordRangeAtPosition: [Function: getWordRangeAtPosition]
  },
  contentChanges: [ { range: [i], rangeOffset: 0, rangeLength: 2, text: 'console' } ],
  reason: undefined,
  level: 'debug',
  message: 'Inferring type from event'
}
{
  service: 'user-service',
  range: i { c: p { c: 0, e: 0 }, e: p { c: 0, e: 2 } },
  rangeOffset: 0,
  rangeLength: 2,
  text: 'console',
  level: 'debug',
  message: 'Change'
}
{
  message: 'getChangeTypeInternal',
  level: 'debug',
  service: 'user-service'
}
{
  message: 'numEventChanges 1',
  level: 'debug',
  service: 'user-service'
}
{
  message: 'eventReason undefined',
  level: 'debug',
  service: 'user-service'
}
{ message: 'rangeLength 2', level: 'debug', service: 'user-service' }
{ message: 'text 1', level: 'debug', service: 'user-service' }
{ message: 'numLines 1', level: 'debug', service: 'user-service' }
{
  message: '1 line, range>0, text>1 => AC (that overwrites)',
  level: 'debug',
  service: 'user-service'
}
{
  service: 'user-service',
  document: {
    uri: [Getter],
    fileName: [Getter],
    isUntitled: [Getter],
    languageId: [Getter],
    version: [Getter],
    isClosed: [Getter],
    isDirty: [Getter],
    save: [Function: save],
    getText: [Function: getText],
    eol: [Getter],
    lineCount: [Getter],
    lineAt: [Function: lineAt],
    offsetAt: [Function: offsetAt],
    positionAt: [Function: positionAt],
    validateRange: [Function: validateRange],
    validatePosition: [Function: validatePosition],
    getWordRangeAtPosition: [Function: getWordRangeAtPosition]
  },
  contentChanges: [ { range: [i], rangeOffset: 7, rangeLength: 0, text: '.' } ],
  reason: undefined,
  level: 'debug',
  message: 'Inferring type from event'
}
{
  service: 'user-service',
  range: i { c: p { c: 0, e: 7 }, e: p { c: 0, e: 7 } },
  rangeOffset: 7,
  rangeLength: 0,
  text: '.',
  level: 'debug',
  message: 'Change'
}
{
  message: 'getChangeTypeInternal',
  level: 'debug',
  service: 'user-service'
}
{
  message: 'numEventChanges 1',
  level: 'debug',
  service: 'user-service'
}
{
  message: 'eventReason undefined',
  level: 'debug',
  service: 'user-service'
}
{ message: 'rangeLength 0', level: 'debug', service: 'user-service' }
{ message: 'text 1', level: 'debug', service: 'user-service' }
{ message: 'numLines 1', level: 'debug', service: 'user-service' }
{
  message: '1 line, range=0, text=1 => A',
  level: 'debug',
  service: 'user-service'
}
{
  service: 'user-service',
  document: {
    uri: [Getter],
    fileName: [Getter],
    isUntitled: [Getter],
    languageId: [Getter],
    version: [Getter],
    isClosed: [Getter],
    isDirty: [Getter],
    save: [Function: save],
    getText: [Function: getText],
    eol: [Getter],
    lineCount: [Getter],
    lineAt: [Function: lineAt],
    offsetAt: [Function: offsetAt],
    positionAt: [Function: positionAt],
    validateRange: [Function: validateRange],
    validatePosition: [Function: validatePosition],
    getWordRangeAtPosition: [Function: getWordRangeAtPosition]
  },
  contentChanges: [ { range: [i], rangeOffset: 8, rangeLength: 0, text: 'l' } ],
  reason: undefined,
  level: 'debug',
  message: 'Inferring type from event'
}
{
  service: 'user-service',
  range: i { c: p { c: 0, e: 8 }, e: p { c: 0, e: 8 } },
  rangeOffset: 8,
  rangeLength: 0,
  text: 'l',
  level: 'debug',
  message: 'Change'
}
{
  message: 'getChangeTypeInternal',
  level: 'debug',
  service: 'user-service'
}
{
  message: 'numEventChanges 1',
  level: 'debug',
  service: 'user-service'
}
{
  message: 'eventReason undefined',
  level: 'debug',
  service: 'user-service'
}
{ message: 'rangeLength 0', level: 'debug', service: 'user-service' }
{ message: 'text 1', level: 'debug', service: 'user-service' }
{ message: 'numLines 1', level: 'debug', service: 'user-service' }
{
  message: '1 line, range=0, text=1 => A',
  level: 'debug',
  service: 'user-service'
}
{
  service: 'user-service',
  document: {
    uri: [Getter],
    fileName: [Getter],
    isUntitled: [Getter],
    languageId: [Getter],
    version: [Getter],
    isClosed: [Getter],
    isDirty: [Getter],
    save: [Function: save],
    getText: [Function: getText],
    eol: [Getter],
    lineCount: [Getter],
    lineAt: [Function: lineAt],
    offsetAt: [Function: offsetAt],
    positionAt: [Function: positionAt],
    validateRange: [Function: validateRange],
    validatePosition: [Function: validatePosition],
    getWordRangeAtPosition: [Function: getWordRangeAtPosition]
  },
  contentChanges: [ { range: [i], rangeOffset: 9, rangeLength: 0, text: 'o' } ],
  reason: undefined,
  level: 'debug',
  message: 'Inferring type from event'
}
{
  service: 'user-service',
  range: i { c: p { c: 0, e: 9 }, e: p { c: 0, e: 9 } },
  rangeOffset: 9,
  rangeLength: 0,
  text: 'o',
  level: 'debug',
  message: 'Change'
}
{
  message: 'getChangeTypeInternal',
  level: 'debug',
  service: 'user-service'
}
{
  message: 'numEventChanges 1',
  level: 'debug',
  service: 'user-service'
}
{
  message: 'eventReason undefined',
  level: 'debug',
  service: 'user-service'
}
{ message: 'rangeLength 0', level: 'debug', service: 'user-service' }
{ message: 'text 1', level: 'debug', service: 'user-service' }
{ message: 'numLines 1', level: 'debug', service: 'user-service' }
{
  message: '1 line, range=0, text=1 => A',
  level: 'debug',
  service: 'user-service'
}
{
  service: 'user-service',
  document: {
    uri: [Getter],
    fileName: [Getter],
    isUntitled: [Getter],
    languageId: [Getter],
    version: [Getter],
    isClosed: [Getter],
    isDirty: [Getter],
    save: [Function: save],
    getText: [Function: getText],
    eol: [Getter],
    lineCount: [Getter],
    lineAt: [Function: lineAt],
    offsetAt: [Function: offsetAt],
    positionAt: [Function: positionAt],
    validateRange: [Function: validateRange],
    validatePosition: [Function: validatePosition],
    getWordRangeAtPosition: [Function: getWordRangeAtPosition]
  },
  contentChanges: [ { range: [i], rangeOffset: 7, rangeLength: 3, text: '.log' } ],
  reason: undefined,
  level: 'debug',
  message: 'Inferring type from event'
}
{
  service: 'user-service',
  range: i { c: p { c: 0, e: 7 }, e: p { c: 0, e: 10 } },
  rangeOffset: 7,
  rangeLength: 3,
  text: '.log',
  level: 'debug',
  message: 'Change'
}
{
  message: 'getChangeTypeInternal',
  level: 'debug',
  service: 'user-service'
}
{
  message: 'numEventChanges 1',
  level: 'debug',
  service: 'user-service'
}
{
  message: 'eventReason undefined',
  level: 'debug',
  service: 'user-service'
}
{ message: 'rangeLength 3', level: 'debug', service: 'user-service' }
{ message: 'text 1', level: 'debug', service: 'user-service' }
{ message: 'numLines 1', level: 'debug', service: 'user-service' }
{
  message: '1 line, range>0, text>1 => AC (that overwrites)',
  level: 'debug',
  service: 'user-service'
}
{
  service: 'user-service',
  document: {
    uri: [Getter],
    fileName: [Getter],
    isUntitled: [Getter],
    languageId: [Getter],
    version: [Getter],
    isClosed: [Getter],
    isDirty: [Getter],
    save: [Function: save],
    getText: [Function: getText],
    eol: [Getter],
    lineCount: [Getter],
    lineAt: [Function: lineAt],
    offsetAt: [Function: offsetAt],
    positionAt: [Function: positionAt],
    validateRange: [Function: validateRange],
    validatePosition: [Function: validatePosition],
    getWordRangeAtPosition: [Function: getWordRangeAtPosition]
  },
  contentChanges: [ { range: [i], rangeOffset: 11, rangeLength: 0, text: '()' } ],
  reason: undefined,
  level: 'debug',
  message: 'Inferring type from event'
}
{
  service: 'user-service',
  range: i { c: p { c: 0, e: 11 }, e: p { c: 0, e: 11 } },
  rangeOffset: 11,
  rangeLength: 0,
  text: '()',
  level: 'debug',
  message: 'Change'
}
{
  message: 'getChangeTypeInternal',
  level: 'debug',
  service: 'user-service'
}
{
  message: 'numEventChanges 1',
  level: 'debug',
  service: 'user-service'
}
{
  message: 'eventReason undefined',
  level: 'debug',
  service: 'user-service'
}
{ message: 'rangeLength 0', level: 'debug', service: 'user-service' }
{ message: 'text 1', level: 'debug', service: 'user-service' }
{ message: 'numLines 1', level: 'debug', service: 'user-service' }
{
  message: '1 line, range=0, text>1 => AC',
  level: 'debug',
  service: 'user-service'
}
{
  service: 'user-service',
  document: {
    uri: [Getter],
    fileName: [Getter],
    isUntitled: [Getter],
    languageId: [Getter],
    version: [Getter],
    isClosed: [Getter],
    isDirty: [Getter],
    save: [Function: save],
    getText: [Function: getText],
    eol: [Getter],
    lineCount: [Getter],
    lineAt: [Function: lineAt],
    offsetAt: [Function: offsetAt],
    positionAt: [Function: positionAt],
    validateRange: [Function: validateRange],
    validatePosition: [Function: validatePosition],
    getWordRangeAtPosition: [Function: getWordRangeAtPosition]
  },
  contentChanges: [ { range: [i], rangeOffset: 12, rangeLength: 0, text: '""' } ],
  reason: undefined,
  level: 'debug',
  message: 'Inferring type from event'
}
{
  service: 'user-service',
  range: i { c: p { c: 0, e: 12 }, e: p { c: 0, e: 12 } },
  rangeOffset: 12,
  rangeLength: 0,
  text: '""',
  level: 'debug',
  message: 'Change'
}
{
  message: 'getChangeTypeInternal',
  level: 'debug',
  service: 'user-service'
}
{
  message: 'numEventChanges 1',
  level: 'debug',
  service: 'user-service'
}
{
  message: 'eventReason undefined',
  level: 'debug',
  service: 'user-service'
}
{ message: 'rangeLength 0', level: 'debug', service: 'user-service' }
{ message: 'text 1', level: 'debug', service: 'user-service' }
{ message: 'numLines 1', level: 'debug', service: 'user-service' }
{
  message: '1 line, range=0, text>1 => AC',
  level: 'debug',
  service: 'user-service'
}
{
  service: 'user-service',
  document: {
    uri: [Getter],
    fileName: [Getter],
    isUntitled: [Getter],
    languageId: [Getter],
    version: [Getter],
    isClosed: [Getter],
    isDirty: [Getter],
    save: [Function: save],
    getText: [Function: getText],
    eol: [Getter],
    lineCount: [Getter],
    lineAt: [Function: lineAt],
    offsetAt: [Function: offsetAt],
    positionAt: [Function: positionAt],
    validateRange: [Function: validateRange],
    validatePosition: [Function: validatePosition],
    getWordRangeAtPosition: [Function: getWordRangeAtPosition]
  },
  contentChanges: [ { range: [i], rangeOffset: 13, rangeLength: 0, text: 'j' } ],
  reason: undefined,
  level: 'debug',
  message: 'Inferring type from event'
}
{
  service: 'user-service',
  range: i { c: p { c: 0, e: 13 }, e: p { c: 0, e: 13 } },
  rangeOffset: 13,
  rangeLength: 0,
  text: 'j',
  level: 'debug',
  message: 'Change'
}
{
  message: 'getChangeTypeInternal',
  level: 'debug',
  service: 'user-service'
}
{
  message: 'numEventChanges 1',
  level: 'debug',
  service: 'user-service'
}
{
  message: 'eventReason undefined',
  level: 'debug',
  service: 'user-service'
}
{ message: 'rangeLength 0', level: 'debug', service: 'user-service' }
{ message: 'text 1', level: 'debug', service: 'user-service' }
{ message: 'numLines 1', level: 'debug', service: 'user-service' }
{
  message: '1 line, range=0, text=1 => A',
  level: 'debug',
  service: 'user-service'
}
{
  service: 'user-service',
  document: {
    uri: [Getter],
    fileName: [Getter],
    isUntitled: [Getter],
    languageId: [Getter],
    version: [Getter],
    isClosed: [Getter],
    isDirty: [Getter],
    save: [Function: save],
    getText: [Function: getText],
    eol: [Getter],
    lineCount: [Getter],
    lineAt: [Function: lineAt],
    offsetAt: [Function: offsetAt],
    positionAt: [Function: positionAt],
    validateRange: [Function: validateRange],
    validatePosition: [Function: validatePosition],
    getWordRangeAtPosition: [Function: getWordRangeAtPosition]
  },
  contentChanges: [ { range: [i], rangeOffset: 14, rangeLength: 0, text: 'h' } ],
  reason: undefined,
  level: 'debug',
  message: 'Inferring type from event'
}
{
  service: 'user-service',
  range: i { c: p { c: 0, e: 14 }, e: p { c: 0, e: 14 } },
  rangeOffset: 14,
  rangeLength: 0,
  text: 'h',
  level: 'debug',
  message: 'Change'
}
{
  message: 'getChangeTypeInternal',
  level: 'debug',
  service: 'user-service'
}
{
  message: 'numEventChanges 1',
  level: 'debug',
  service: 'user-service'
}
{
  message: 'eventReason undefined',
  level: 'debug',
  service: 'user-service'
}
{ message: 'rangeLength 0', level: 'debug', service: 'user-service' }
{ message: 'text 1', level: 'debug', service: 'user-service' }
{ message: 'numLines 1', level: 'debug', service: 'user-service' }
{
  message: '1 line, range=0, text=1 => A',
  level: 'debug',
  service: 'user-service'
}
{
  service: 'user-service',
  document: {
    uri: [Getter],
    fileName: [Getter],
    isUntitled: [Getter],
    languageId: [Getter],
    version: [Getter],
    isClosed: [Getter],
    isDirty: [Getter],
    save: [Function: save],
    getText: [Function: getText],
    eol: [Getter],
    lineCount: [Getter],
    lineAt: [Function: lineAt],
    offsetAt: [Function: offsetAt],
    positionAt: [Function: positionAt],
    validateRange: [Function: validateRange],
    validatePosition: [Function: validatePosition],
    getWordRangeAtPosition: [Function: getWordRangeAtPosition]
  },
  contentChanges: [ { range: [i], rangeOffset: 15, rangeLength: 0, text: 'f' } ],
  reason: undefined,
  level: 'debug',
  message: 'Inferring type from event'
}
{
  service: 'user-service',
  range: i { c: p { c: 0, e: 15 }, e: p { c: 0, e: 15 } },
  rangeOffset: 15,
  rangeLength: 0,
  text: 'f',
  level: 'debug',
  message: 'Change'
}
{
  message: 'getChangeTypeInternal',
  level: 'debug',
  service: 'user-service'
}
{
  message: 'numEventChanges 1',
  level: 'debug',
  service: 'user-service'
}
{
  message: 'eventReason undefined',
  level: 'debug',
  service: 'user-service'
}
{ message: 'rangeLength 0', level: 'debug', service: 'user-service' }
{ message: 'text 1', level: 'debug', service: 'user-service' }
{ message: 'numLines 1', level: 'debug', service: 'user-service' }
{
  message: '1 line, range=0, text=1 => A',
  level: 'debug',
  service: 'user-service'
}
{
  service: 'user-service',
  document: {
    uri: [Getter],
    fileName: [Getter],
    isUntitled: [Getter],
    languageId: [Getter],
    version: [Getter],
    isClosed: [Getter],
    isDirty: [Getter],
    save: [Function: save],
    getText: [Function: getText],
    eol: [Getter],
    lineCount: [Getter],
    lineAt: [Function: lineAt],
    offsetAt: [Function: offsetAt],
    positionAt: [Function: positionAt],
    validateRange: [Function: validateRange],
    validatePosition: [Function: validatePosition],
    getWordRangeAtPosition: [Function: getWordRangeAtPosition]
  },
  contentChanges: [ { range: [i], rangeOffset: 16, rangeLength: 0, text: 'k' } ],
  reason: undefined,
  level: 'debug',
  message: 'Inferring type from event'
}
{
  service: 'user-service',
  range: i { c: p { c: 0, e: 16 }, e: p { c: 0, e: 16 } },
  rangeOffset: 16,
  rangeLength: 0,
  text: 'k',
  level: 'debug',
  message: 'Change'
}
{
  message: 'getChangeTypeInternal',
  level: 'debug',
  service: 'user-service'
}
{
  message: 'numEventChanges 1',
  level: 'debug',
  service: 'user-service'
}
{
  message: 'eventReason undefined',
  level: 'debug',
  service: 'user-service'
}
{ message: 'rangeLength 0', level: 'debug', service: 'user-service' }
{ message: 'text 1', level: 'debug', service: 'user-service' }
{ message: 'numLines 1', level: 'debug', service: 'user-service' }
{
  message: '1 line, range=0, text=1 => A',
  level: 'debug',
  service: 'user-service'
}
{
  service: 'user-service',
  document: {
    uri: [Getter],
    fileName: [Getter],
    isUntitled: [Getter],
    languageId: [Getter],
    version: [Getter],
    isClosed: [Getter],
    isDirty: [Getter],
    save: [Function: save],
    getText: [Function: getText],
    eol: [Getter],
    lineCount: [Getter],
    lineAt: [Function: lineAt],
    offsetAt: [Function: offsetAt],
    positionAt: [Function: positionAt],
    validateRange: [Function: validateRange],
    validatePosition: [Function: validatePosition],
    getWordRangeAtPosition: [Function: getWordRangeAtPosition]
  },
  contentChanges: [ { range: [i], rangeOffset: 17, rangeLength: 0, text: 'a' } ],
  reason: undefined,
  level: 'debug',
  message: 'Inferring type from event'
}
{
  service: 'user-service',
  range: i { c: p { c: 0, e: 17 }, e: p { c: 0, e: 17 } },
  rangeOffset: 17,
  rangeLength: 0,
  text: 'a',
  level: 'debug',
  message: 'Change'
}
{
  message: 'getChangeTypeInternal',
  level: 'debug',
  service: 'user-service'
}
{
  message: 'numEventChanges 1',
  level: 'debug',
  service: 'user-service'
}
{
  message: 'eventReason undefined',
  level: 'debug',
  service: 'user-service'
}
{ message: 'rangeLength 0', level: 'debug', service: 'user-service' }
{ message: 'text 1', level: 'debug', service: 'user-service' }
{ message: 'numLines 1', level: 'debug', service: 'user-service' }
{
  message: '1 line, range=0, text=1 => A',
  level: 'debug',
  service: 'user-service'
}
{
  service: 'user-service',
  document: {
    uri: [Getter],
    fileName: [Getter],
    isUntitled: [Getter],
    languageId: [Getter],
    version: [Getter],
    isClosed: [Getter],
    isDirty: [Getter],
    save: [Function: save],
    getText: [Function: getText],
    eol: [Getter],
    lineCount: [Getter],
    lineAt: [Function: lineAt],
    offsetAt: [Function: offsetAt],
    positionAt: [Function: positionAt],
    validateRange: [Function: validateRange],
    validatePosition: [Function: validatePosition],
    getWordRangeAtPosition: [Function: getWordRangeAtPosition]
  },
  contentChanges: [ { range: [i], rangeOffset: 18, rangeLength: 0, text: 's' } ],
  reason: undefined,
  level: 'debug',
  message: 'Inferring type from event'
}
{
  service: 'user-service',
  range: i { c: p { c: 0, e: 18 }, e: p { c: 0, e: 18 } },
  rangeOffset: 18,
  rangeLength: 0,
  text: 's',
  level: 'debug',
  message: 'Change'
}
{
  message: 'getChangeTypeInternal',
  level: 'debug',
  service: 'user-service'
}
{
  message: 'numEventChanges 1',
  level: 'debug',
  service: 'user-service'
}
{
  message: 'eventReason undefined',
  level: 'debug',
  service: 'user-service'
}
{ message: 'rangeLength 0', level: 'debug', service: 'user-service' }
{ message: 'text 1', level: 'debug', service: 'user-service' }
{ message: 'numLines 1', level: 'debug', service: 'user-service' }
{
  message: '1 line, range=0, text=1 => A',
  level: 'debug',
  service: 'user-service'
}
{
  service: 'user-service',
  document: {
    uri: [Getter],
    fileName: [Getter],
    isUntitled: [Getter],
    languageId: [Getter],
    version: [Getter],
    isClosed: [Getter],
    isDirty: [Getter],
    save: [Function: save],
    getText: [Function: getText],
    eol: [Getter],
    lineCount: [Getter],
    lineAt: [Function: lineAt],
    offsetAt: [Function: offsetAt],
    positionAt: [Function: positionAt],
    validateRange: [Function: validateRange],
    validatePosition: [Function: validatePosition],
    getWordRangeAtPosition: [Function: getWordRangeAtPosition]
  },
  contentChanges: [ { range: [i], rangeOffset: 19, rangeLength: 0, text: 'h' } ],
  reason: undefined,
  level: 'debug',
  message: 'Inferring type from event'
}
{
  service: 'user-service',
  range: i { c: p { c: 0, e: 19 }, e: p { c: 0, e: 19 } },
  rangeOffset: 19,
  rangeLength: 0,
  text: 'h',
  level: 'debug',
  message: 'Change'
}
{
  message: 'getChangeTypeInternal',
  level: 'debug',
  service: 'user-service'
}
{
  message: 'numEventChanges 1',
  level: 'debug',
  service: 'user-service'
}
{
  message: 'eventReason undefined',
  level: 'debug',
  service: 'user-service'
}
{ message: 'rangeLength 0', level: 'debug', service: 'user-service' }
{ message: 'text 1', level: 'debug', service: 'user-service' }
{ message: 'numLines 1', level: 'debug', service: 'user-service' }
{
  message: '1 line, range=0, text=1 => A',
  level: 'debug',
  service: 'user-service'
}
{
  service: 'user-service',
  document: {
    uri: [Getter],
    fileName: [Getter],
    isUntitled: [Getter],
    languageId: [Getter],
    version: [Getter],
    isClosed: [Getter],
    isDirty: [Getter],
    save: [Function: save],
    getText: [Function: getText],
    eol: [Getter],
    lineCount: [Getter],
    lineAt: [Function: lineAt],
    offsetAt: [Function: offsetAt],
    positionAt: [Function: positionAt],
    validateRange: [Function: validateRange],
    validatePosition: [Function: validatePosition],
    getWordRangeAtPosition: [Function: getWordRangeAtPosition]
  },
  contentChanges: [ { range: [i], rangeOffset: 20, rangeLength: 0, text: 'f' } ],
  reason: undefined,
  level: 'debug',
  message: 'Inferring type from event'
}
{
  service: 'user-service',
  range: i { c: p { c: 0, e: 20 }, e: p { c: 0, e: 20 } },
  rangeOffset: 20,
  rangeLength: 0,
  text: 'f',
  level: 'debug',
  message: 'Change'
}
{
  message: 'getChangeTypeInternal',
  level: 'debug',
  service: 'user-service'
}
{
  message: 'numEventChanges 1',
  level: 'debug',
  service: 'user-service'
}
{
  message: 'eventReason undefined',
  level: 'debug',
  service: 'user-service'
}
{ message: 'rangeLength 0', level: 'debug', service: 'user-service' }
{ message: 'text 1', level: 'debug', service: 'user-service' }
{ message: 'numLines 1', level: 'debug', service: 'user-service' }
{
  message: '1 line, range=0, text=1 => A',
  level: 'debug',
  service: 'user-service'
}
{
  service: 'user-service',
  document: {
    uri: [Getter],
    fileName: [Getter],
    isUntitled: [Getter],
    languageId: [Getter],
    version: [Getter],
    isClosed: [Getter],
    isDirty: [Getter],
    save: [Function: save],
    getText: [Function: getText],
    eol: [Getter],
    lineCount: [Getter],
    lineAt: [Function: lineAt],
    offsetAt: [Function: offsetAt],
    positionAt: [Function: positionAt],
    validateRange: [Function: validateRange],
    validatePosition: [Function: validatePosition],
    getWordRangeAtPosition: [Function: getWordRangeAtPosition]
  },
  contentChanges: [ { range: [i], rangeOffset: 23, rangeLength: 0, text: ';' } ],
  reason: undefined,
  level: 'debug',
  message: 'Inferring type from event'
}
{
  service: 'user-service',
  range: i { c: p { c: 0, e: 23 }, e: p { c: 0, e: 23 } },
  rangeOffset: 23,
  rangeLength: 0,
  text: ';',
  level: 'debug',
  message: 'Change'
}
{
  message: 'getChangeTypeInternal',
  level: 'debug',
  service: 'user-service'
}
{
  message: 'numEventChanges 1',
  level: 'debug',
  service: 'user-service'
}
{
  message: 'eventReason undefined',
  level: 'debug',
  service: 'user-service'
}
{ message: 'rangeLength 0', level: 'debug', service: 'user-service' }
{ message: 'text 1', level: 'debug', service: 'user-service' }
{ message: 'numLines 1', level: 'debug', service: 'user-service' }
{
  message: '1 line, range=0, text=1 => A',
  level: 'debug',
  service: 'user-service'
}
{
  service: 'user-service',
  document: {
    uri: [Getter],
    fileName: [Getter],
    isUntitled: [Getter],
    languageId: [Getter],
    version: [Getter],
    isClosed: [Getter],
    isDirty: [Getter],
    save: [Function: save],
    getText: [Function: getText],
    eol: [Getter],
    lineCount: [Getter],
    lineAt: [Function: lineAt],
    offsetAt: [Function: offsetAt],
    positionAt: [Function: positionAt],
    validateRange: [Function: validateRange],
    validatePosition: [Function: validatePosition],
    getWordRangeAtPosition: [Function: getWordRangeAtPosition]
  },
  contentChanges: [ { range: [i], rangeOffset: 24, rangeLength: 0, text: '\n' } ],
  reason: undefined,
  level: 'debug',
  message: 'Inferring type from event'
}
{
  service: 'user-service',
  range: i { c: p { c: 0, e: 24 }, e: p { c: 0, e: 24 } },
  rangeOffset: 24,
  rangeLength: 0,
  text: '\n',
  level: 'debug',
  message: 'Change'
}
{
  message: 'getChangeTypeInternal',
  level: 'debug',
  service: 'user-service'
}
{
  message: 'numEventChanges 1',
  level: 'debug',
  service: 'user-service'
}
{
  message: 'eventReason undefined',
  level: 'debug',
  service: 'user-service'
}
{ message: 'rangeLength 0', level: 'debug', service: 'user-service' }
{ message: 'text 1', level: 'debug', service: 'user-service' }
{ message: 'indentations', level: 'debug', service: 'user-service' }
{
  service: 'user-service',
  document: {
    uri: [Getter],
    fileName: [Getter],
    isUntitled: [Getter],
    languageId: [Getter],
    version: [Getter],
    isClosed: [Getter],
    isDirty: [Getter],
    save: [Function: save],
    getText: [Function: getText],
    eol: [Getter],
    lineCount: [Getter],
    lineAt: [Function: lineAt],
    offsetAt: [Function: offsetAt],
    positionAt: [Function: positionAt],
    validateRange: [Function: validateRange],
    validatePosition: [Function: validatePosition],
    getWordRangeAtPosition: [Function: getWordRangeAtPosition]
  },
  contentChanges: [ { range: [i], rangeOffset: 25, rangeLength: 0, text: '\n' } ],
  reason: undefined,
  level: 'debug',
  message: 'Inferring type from event'
}
{
  service: 'user-service',
  range: i { c: p { c: 1, e: 0 }, e: p { c: 1, e: 0 } },
  rangeOffset: 25,
  rangeLength: 0,
  text: '\n',
  level: 'debug',
  message: 'Change'
}
{
  message: 'getChangeTypeInternal',
  level: 'debug',
  service: 'user-service'
}
{
  message: 'numEventChanges 1',
  level: 'debug',
  service: 'user-service'
}
{
  message: 'eventReason undefined',
  level: 'debug',
  service: 'user-service'
}
{ message: 'rangeLength 0', level: 'debug', service: 'user-service' }
{ message: 'text 1', level: 'debug', service: 'user-service' }
{ message: 'indentations', level: 'debug', service: 'user-service' }
{
  message: 'getChangeTypeInternal',
  level: 'debug',
  service: 'user-service'
}
{
  message: 'numEventChanges 1',
  level: 'debug',
  service: 'user-service'
}
{
  message: 'eventReason undefined',
  level: 'debug',
  service: 'user-service'
}
{ message: 'rangeLength 0', level: 'debug', service: 'user-service' }
{ message: 'text j', level: 'debug', service: 'user-service' }
{ message: 'numLines 1', level: 'debug', service: 'user-service' }
{
  message: '1 line, range=0, text=1 => A',
  level: 'debug',
  service: 'user-service'
}
{
  message: 'getChangeTypeInternal',
  level: 'debug',
  service: 'user-service'
}
{
  message: 'numEventChanges 1',
  level: 'debug',
  service: 'user-service'
}
{
  message: 'eventReason undefined',
  level: 'debug',
  service: 'user-service'
}
{ message: 'rangeLength 0', level: 'debug', service: 'user-service' }
{ message: 'text k', level: 'debug', service: 'user-service' }
{ message: 'numLines 1', level: 'debug', service: 'user-service' }
{
  message: '1 line, range=0, text=1 => A',
  level: 'debug',
  service: 'user-service'
}
{
  message: 'getChangeTypeInternal',
  level: 'debug',
  service: 'user-service'
}
{
  message: 'numEventChanges 1',
  level: 'debug',
  service: 'user-service'
}
{
  message: 'eventReason undefined',
  level: 'debug',
  service: 'user-service'
}
{ message: 'rangeLength 0', level: 'debug', service: 'user-service' }
{ message: 'text a', level: 'debug', service: 'user-service' }
{ message: 'numLines 1', level: 'debug', service: 'user-service' }
{
  message: '1 line, range=0, text=1 => A',
  level: 'debug',
  service: 'user-service'
}
{
  message: 'getChangeTypeInternal',
  level: 'debug',
  service: 'user-service'
}
{
  message: 'numEventChanges 1',
  level: 'debug',
  service: 'user-service'
}
{
  message: 'eventReason undefined',
  level: 'debug',
  service: 'user-service'
}
{ message: 'rangeLength 0', level: 'debug', service: 'user-service' }
{ message: 'text d', level: 'debug', service: 'user-service' }
{ message: 'numLines 1', level: 'debug', service: 'user-service' }
{
  message: '1 line, range=0, text=1 => A',
  level: 'debug',
  service: 'user-service'
}
{
  message: 'getChangeTypeInternal',
  level: 'debug',
  service: 'user-service'
}
{
  message: 'numEventChanges 1',
  level: 'debug',
  service: 'user-service'
}
{
  message: 'eventReason undefined',
  level: 'debug',
  service: 'user-service'
}
{ message: 'rangeLength 0', level: 'debug', service: 'user-service' }
{ message: 'text h', level: 'debug', service: 'user-service' }
{ message: 'numLines 1', level: 'debug', service: 'user-service' }
{
  message: '1 line, range=0, text=1 => A',
  level: 'debug',
  service: 'user-service'
}
{
  message: 'getChangeTypeInternal',
  level: 'debug',
  service: 'user-service'
}
{
  message: 'numEventChanges 1',
  level: 'debug',
  service: 'user-service'
}
{
  message: 'eventReason undefined',
  level: 'debug',
  service: 'user-service'
}
{ message: 'rangeLength 0', level: 'debug', service: 'user-service' }
{ message: 'text k', level: 'debug', service: 'user-service' }
{ message: 'numLines 1', level: 'debug', service: 'user-service' }
{
  message: '1 line, range=0, text=1 => A',
  level: 'debug',
  service: 'user-service'
}
{
  message: 'getChangeTypeInternal',
  level: 'debug',
  service: 'user-service'
}
{
  message: 'numEventChanges 1',
  level: 'debug',
  service: 'user-service'
}
{
  message: 'eventReason undefined',
  level: 'debug',
  service: 'user-service'
}
{ message: 'rangeLength 0', level: 'debug', service: 'user-service' }
{ message: 'text j', level: 'debug', service: 'user-service' }
{ message: 'numLines 1', level: 'debug', service: 'user-service' }
{
  message: '1 line, range=0, text=1 => A',
  level: 'debug',
  service: 'user-service'
}
{
  message: 'getChangeTypeInternal',
  level: 'debug',
  service: 'user-service'
}
{
  message: 'numEventChanges 1',
  level: 'debug',
  service: 'user-service'
}
{
  message: 'eventReason undefined',
  level: 'debug',
  service: 'user-service'
}
{ message: 'rangeLength 0', level: 'debug', service: 'user-service' }
{ message: 'text a', level: 'debug', service: 'user-service' }
{ message: 'numLines 1', level: 'debug', service: 'user-service' }
{
  message: '1 line, range=0, text=1 => A',
  level: 'debug',
  service: 'user-service'
}
{
  message: 'getChangeTypeInternal',
  level: 'debug',
  service: 'user-service'
}
{
  message: 'numEventChanges 1',
  level: 'debug',
  service: 'user-service'
}
{
  message: 'eventReason undefined',
  level: 'debug',
  service: 'user-service'
}
{ message: 'rangeLength 0', level: 'debug', service: 'user-service' }
{ message: 'text h', level: 'debug', service: 'user-service' }
{ message: 'numLines 1', level: 'debug', service: 'user-service' }
{
  message: '1 line, range=0, text=1 => A',
  level: 'debug',
  service: 'user-service'
}
{
  message: 'getChangeTypeInternal',
  level: 'debug',
  service: 'user-service'
}
{
  message: 'numEventChanges 1',
  level: 'debug',
  service: 'user-service'
}
{
  message: 'eventReason undefined',
  level: 'debug',
  service: 'user-service'
}
{ message: 'rangeLength 0', level: 'debug', service: 'user-service' }
{ message: 'text g', level: 'debug', service: 'user-service' }
{ message: 'numLines 1', level: 'debug', service: 'user-service' }
{
  message: '1 line, range=0, text=1 => A',
  level: 'debug',
  service: 'user-service'
}
{
  message: 'getChangeTypeInternal',
  level: 'debug',
  service: 'user-service'
}
{
  message: 'numEventChanges 1',
  level: 'debug',
  service: 'user-service'
}
{
  message: 'eventReason undefined',
  level: 'debug',
  service: 'user-service'
}
{ message: 'rangeLength 0', level: 'debug', service: 'user-service' }
{ message: 'text f', level: 'debug', service: 'user-service' }
{ message: 'numLines 1', level: 'debug', service: 'user-service' }
{
  message: '1 line, range=0, text=1 => A',
  level: 'debug',
  service: 'user-service'
}
{
  message: 'getChangeTypeInternal',
  level: 'debug',
  service: 'user-service'
}
{
  message: 'numEventChanges 1',
  level: 'debug',
  service: 'user-service'
}
{
  message: 'eventReason undefined',
  level: 'debug',
  service: 'user-service'
}
{ message: 'rangeLength 0', level: 'debug', service: 'user-service' }
{ message: 'text d', level: 'debug', service: 'user-service' }
{ message: 'numLines 1', level: 'debug', service: 'user-service' }
{
  message: '1 line, range=0, text=1 => A',
  level: 'debug',
  service: 'user-service'
}
{
  message: 'getChangeTypeInternal',
  level: 'debug',
  service: 'user-service'
}
{
  message: 'numEventChanges 1',
  level: 'debug',
  service: 'user-service'
}
{
  message: 'eventReason undefined',
  level: 'debug',
  service: 'user-service'
}
{ message: 'rangeLength 0', level: 'debug', service: 'user-service' }
{ message: 'text a', level: 'debug', service: 'user-service' }
{ message: 'numLines 1', level: 'debug', service: 'user-service' }
{
  message: '1 line, range=0, text=1 => A',
  level: 'debug',
  service: 'user-service'
}
{
  message: 'getChangeTypeInternal',
  level: 'debug',
  service: 'user-service'
}
{
  message: 'numEventChanges 1',
  level: 'debug',
  service: 'user-service'
}
{
  message: 'eventReason undefined',
  level: 'debug',
  service: 'user-service'
}
{ message: 'rangeLength 0', level: 'debug', service: 'user-service' }
{ message: 'text h', level: 'debug', service: 'user-service' }
{ message: 'numLines 1', level: 'debug', service: 'user-service' }
{
  message: '1 line, range=0, text=1 => A',
  level: 'debug',
  service: 'user-service'
}
{
  message: 'getChangeTypeInternal',
  level: 'debug',
  service: 'user-service'
}
{
  message: 'numEventChanges 1',
  level: 'debug',
  service: 'user-service'
}
{
  message: 'eventReason undefined',
  level: 'debug',
  service: 'user-service'
}
{ message: 'rangeLength 0', level: 'debug', service: 'user-service' }
{ message: 'text f', level: 'debug', service: 'user-service' }
{ message: 'numLines 1', level: 'debug', service: 'user-service' }
{
  message: '1 line, range=0, text=1 => A',
  level: 'debug',
  service: 'user-service'
}
{
  message: 'getChangeTypeInternal',
  level: 'debug',
  service: 'user-service'
}
{
  message: 'numEventChanges 1',
  level: 'debug',
  service: 'user-service'
}
{
  message: 'eventReason undefined',
  level: 'debug',
  service: 'user-service'
}
{ message: 'rangeLength 0', level: 'debug', service: 'user-service' }
{ message: 'text s', level: 'debug', service: 'user-service' }
{ message: 'numLines 1', level: 'debug', service: 'user-service' }
{
  message: '1 line, range=0, text=1 => A',
  level: 'debug',
  service: 'user-service'
}
{
  message: 'getChangeTypeInternal',
  level: 'debug',
  service: 'user-service'
}
{
  message: 'numEventChanges 1',
  level: 'debug',
  service: 'user-service'
}
{
  message: 'eventReason undefined',
  level: 'debug',
  service: 'user-service'
}
{ message: 'rangeLength 0', level: 'debug', service: 'user-service' }
{ message: 'text d', level: 'debug', service: 'user-service' }
{ message: 'numLines 1', level: 'debug', service: 'user-service' }
{
  message: '1 line, range=0, text=1 => A',
  level: 'debug',
  service: 'user-service'
}
{
  message: 'getChangeTypeInternal',
  level: 'debug',
  service: 'user-service'
}
{
  message: 'numEventChanges 1',
  level: 'debug',
  service: 'user-service'
}
{
  message: 'eventReason undefined',
  level: 'debug',
  service: 'user-service'
}
{ message: 'rangeLength 0', level: 'debug', service: 'user-service' }
{ message: 'text g', level: 'debug', service: 'user-service' }
{ message: 'numLines 1', level: 'debug', service: 'user-service' }
{
  message: '1 line, range=0, text=1 => A',
  level: 'debug',
  service: 'user-service'
}
{
  message: 'getChangeTypeInternal',
  level: 'debug',
  service: 'user-service'
}
{
  message: 'numEventChanges 1',
  level: 'debug',
  service: 'user-service'
}
{
  message: 'eventReason undefined',
  level: 'debug',
  service: 'user-service'
}
{ message: 'rangeLength 0', level: 'debug', service: 'user-service' }
{ message: 'text f', level: 'debug', service: 'user-service' }
{ message: 'numLines 1', level: 'debug', service: 'user-service' }
{
  message: '1 line, range=0, text=1 => A',
  level: 'debug',
  service: 'user-service'
}
{
  message: 'getChangeTypeInternal',
  level: 'debug',
  service: 'user-service'
}
{
  message: 'numEventChanges 1',
  level: 'debug',
  service: 'user-service'
}
{
  message: 'eventReason undefined',
  level: 'debug',
  service: 'user-service'
}
{ message: 'rangeLength 0', level: 'debug', service: 'user-service' }
{ message: 'text g', level: 'debug', service: 'user-service' }
{ message: 'numLines 1', level: 'debug', service: 'user-service' }
{
  message: '1 line, range=0, text=1 => A',
  level: 'debug',
  service: 'user-service'
}
{
  message: 'getChangeTypeInternal',
  level: 'debug',
  service: 'user-service'
}
{
  message: 'numEventChanges 1',
  level: 'debug',
  service: 'user-service'
}
{
  message: 'eventReason undefined',
  level: 'debug',
  service: 'user-service'
}
{ message: 'rangeLength 0', level: 'debug', service: 'user-service' }
{ message: 'text f', level: 'debug', service: 'user-service' }
{ message: 'numLines 1', level: 'debug', service: 'user-service' }
{
  message: '1 line, range=0, text=1 => A',
  level: 'debug',
  service: 'user-service'
}
{
  message: 'getChangeTypeInternal',
  level: 'debug',
  service: 'user-service'
}
{
  message: 'numEventChanges 1',
  level: 'debug',
  service: 'user-service'
}
{
  message: 'eventReason undefined',
  level: 'debug',
  service: 'user-service'
}
{ message: 'rangeLength 0', level: 'debug', service: 'user-service' }
{ message: 'text s', level: 'debug', service: 'user-service' }
{ message: 'numLines 1', level: 'debug', service: 'user-service' }
{
  message: '1 line, range=0, text=1 => A',
  level: 'debug',
  service: 'user-service'
}
